This file contains any messages produced by compilers while
running configure, to aid debugging if configure makes a mistake.

It was created by configure, which was
generated by GNU Autoconf 2.59.  Invocation command line was

  $ ./configure 

## --------- ##
## Platform. ##
## --------- ##

hostname = winmah.npl.washington.edu
uname -m = i386
uname -r = 8.8.5
uname -s = Darwin
uname -v = Darwin Kernel Version 8.8.5: Mon Dec 11 19:39:17 PST 2006; root:xnu-792.16.5.obj~1/RELEASE_I386

/usr/bin/uname -p = i386
/bin/uname -X     = unknown

/bin/arch              = unknown
/usr/bin/arch -k       = unknown
/usr/convex/getsysinfo = unknown
hostinfo               = Mach kernel version:
	 Darwin Kernel Version 8.8.5: Mon Dec 11 19:39:17 PST 2006; root:xnu-792.16.5.obj~1/RELEASE_I386
Kernel configured for up to 4 processors.
4 processors are physically available.
4 processors are logically available.
Processor type: i486 (Intel 80486)
Processors active: 0 1 2 3
Primary memory available: 1.00 gigabytes
Default processor set: 65 tasks, 218 threads, 4 processors
Load average: 1.01, Mach factor: 2.98
/bin/machine           = unknown
/usr/bin/oslevel       = unknown
/bin/universe          = unknown

PATH: /Users/markhowe/Dev/OrcaRoot/bin
PATH: /sw/bin
PATH: /sw/sbin
PATH: /bin
PATH: /sbin
PATH: /usr/bin
PATH: /usr/sbin
PATH: /usr/local/mysql/bin
PATH: /Applications/AutoDoc/AutoDoc


## ----------- ##
## Core tests. ##
## ----------- ##

configure:1296: checking build system type
configure:1314: result: i686-apple-darwin8.8.5
configure:1322: checking host system type
configure:1336: result: i686-apple-darwin8.8.5
configure:1410: checking for root-config
configure:1428: found /sw/bin/root-config
configure:1441: result: /sw/bin/root-config
configure:1450: checking for root
configure:1468: found /sw/bin/root
configure:1481: result: /sw/bin/root
configure:1490: checking for rootcint
configure:1508: found /sw/bin/rootcint
configure:1521: result: /sw/bin/rootcint
configure:1633: checking for gcc
configure:1649: found /usr/bin/gcc
configure:1659: result: gcc
configure:1903: checking for C compiler version
configure:1906: gcc --version </dev/null >&5
i686-apple-darwin8-gcc-4.0.1 (GCC) 4.0.1 (Apple Computer, Inc. build 5367)
Copyright (C) 2005 Free Software Foundation, Inc.
This is free software; see the source for copying conditions.  There is NO
warranty; not even for MERCHANTABILITY or FITNESS FOR A PARTICULAR PURPOSE.

configure:1909: $? = 0
configure:1911: gcc -v </dev/null >&5
Using built-in specs.
Target: i686-apple-darwin8
Configured with: /private/var/tmp/gcc/gcc-5367.obj~1/src/configure --disable-checking -enable-werror --prefix=/usr --mandir=/share/man --enable-languages=c,objc,c++,obj-c++ --program-transform-name=/^[cg][^.-]*$/s/$/-4.0/ --with-gxx-include-dir=/include/c++/4.0.0 --with-slibdir=/usr/lib --build=powerpc-apple-darwin8 --with-arch=nocona --with-tune=generic --program-prefix= --host=i686-apple-darwin8 --target=i686-apple-darwin8
Thread model: posix
gcc version 4.0.1 (Apple Computer, Inc. build 5367)
configure:1914: $? = 0
configure:1916: gcc -V </dev/null >&5
gcc: argument to `-V' is missing
configure:1919: $? = 1
configure:1942: checking for C compiler default output file name
configure:1945: gcc    conftest.c  >&5
configure:1948: $? = 0
configure:1994: result: a.out
configure:1999: checking whether the C compiler works
configure:2005: ./a.out
configure:2008: $? = 0
configure:2025: result: yes
configure:2032: checking whether we are cross compiling
configure:2034: result: no
configure:2037: checking for suffix of executables
configure:2039: gcc -o conftest    conftest.c  >&5
configure:2042: $? = 0
configure:2067: result: 
configure:2073: checking for suffix of object files
configure:2094: gcc -c   conftest.c >&5
configure:2097: $? = 0
configure:2119: result: o
configure:2123: checking whether we are using the GNU C compiler
configure:2147: gcc -c   conftest.c >&5
configure:2153: $? = 0
configure:2157: test -z 
			 || test ! -s conftest.err
configure:2160: $? = 0
configure:2163: test -s conftest.o
configure:2166: $? = 0
configure:2179: result: yes
configure:2185: checking whether gcc accepts -g
configure:2206: gcc -c -g  conftest.c >&5
configure:2212: $? = 0
configure:2216: test -z 
			 || test ! -s conftest.err
configure:2219: $? = 0
configure:2222: test -s conftest.o
configure:2225: $? = 0
configure:2236: result: yes
configure:2253: checking for gcc option to accept ANSI C
configure:2323: gcc  -c -g -O2  conftest.c >&5
configure:2329: $? = 0
configure:2333: test -z 
			 || test ! -s conftest.err
configure:2336: $? = 0
configure:2339: test -s conftest.o
configure:2342: $? = 0
configure:2360: result: none needed
configure:2378: gcc -c -g -O2  conftest.c >&5
conftest.c:2: error: parse error before 'me'
configure:2384: $? = 1
configure: failed program was:
| #ifndef __cplusplus
|   choke me
| #endif
configure:2518: checking whether byte ordering is bigendian
configure:2545: gcc -c -g -O2  conftest.c >&5
configure:2551: $? = 0
configure:2555: test -z 
			 || test ! -s conftest.err
configure:2558: $? = 0
configure:2561: test -s conftest.o
configure:2564: $? = 0
configure:2588: gcc -c -g -O2  conftest.c >&5
conftest.c: In function 'main':
conftest.c:16: error: 'not' undeclared (first use in this function)
conftest.c:16: error: (Each undeclared identifier is reported only once
conftest.c:16: error: for each function it appears in.)
conftest.c:16: error: parse error before 'big'
configure:2594: $? = 1
configure: failed program was:
| /* confdefs.h.  */
| 
| #define PACKAGE_NAME ""
| #define PACKAGE_TARNAME ""
| #define PACKAGE_VERSION ""
| #define PACKAGE_STRING ""
| #define PACKAGE_BUGREPORT ""
| /* end confdefs.h.  */
| #include <sys/types.h>
| #include <sys/param.h>
| 
| int
| main ()
| {
| #if BYTE_ORDER != BIG_ENDIAN
|  not big endian
| #endif
| 
|   ;
|   return 0;
| }
configure:2729: result: no
configure:2906: creating ./config.status

## ---------------------- ##
## Running config.status. ##
## ---------------------- ##

This file was extended by config.status, which was
generated by GNU Autoconf 2.59.  Invocation command line was

  CONFIG_FILES    = 
  CONFIG_HEADERS  = 
  CONFIG_LINKS    = 
  CONFIG_COMMANDS = 
  $ ./config.status 

on winmah.npl.washington.edu

config.status:663: creating buildTools/config.mk
config.status:663: creating Applications/Makefile
config.status:663: creating Decoders/Makefile
config.status:663: creating IO/Makefile
config.status:663: creating Makefile
config.status:663: creating Management/Makefile
config.status:663: creating Processors/Makefile
config.status:663: creating Util/Makefile

## ---------------- ##
## Cache variables. ##
## ---------------- ##

ac_cv_build=i686-apple-darwin8.8.5
ac_cv_build_alias=i686-apple-darwin8.8.5
ac_cv_c_bigendian=no
ac_cv_c_compiler_gnu=yes
ac_cv_env_CC_set=
ac_cv_env_CC_value=
ac_cv_env_CFLAGS_set=
ac_cv_env_CFLAGS_value=
ac_cv_env_CPPFLAGS_set=
ac_cv_env_CPPFLAGS_value=
ac_cv_env_LDFLAGS_set=
ac_cv_env_LDFLAGS_value=
ac_cv_env_build_alias_set=
ac_cv_env_build_alias_value=
ac_cv_env_host_alias_set=
ac_cv_env_host_alias_value=
ac_cv_env_target_alias_set=
ac_cv_env_target_alias_value=
ac_cv_exeext=
ac_cv_host=i686-apple-darwin8.8.5
ac_cv_host_alias=i686-apple-darwin8.8.5
ac_cv_objext=o
ac_cv_path_ROOTCINT=/sw/bin/rootcint
ac_cv_path_ROOTCONF=/sw/bin/root-config
ac_cv_path_ROOTEXEC=/sw/bin/root
ac_cv_prog_ac_ct_CC=gcc
ac_cv_prog_cc_g=yes
ac_cv_prog_cc_stdc=

## ----------------- ##
## Output variables. ##
## ----------------- ##

CC='gcc'
CFLAGS='-g -O2'
CPPFLAGS=''
DEFS='-DPACKAGE_NAME=\"\" -DPACKAGE_TARNAME=\"\" -DPACKAGE_VERSION=\"\" -DPACKAGE_STRING=\"\" -DPACKAGE_BUGREPORT=\"\" '
ECHO_C=''
ECHO_N='-n'
ECHO_T=''
EXEEXT=''
EXTRACPPFLAGS=''
EXTRACXXFLAGS='-O2'
EXTRALIBFLAGS='-bind_at_load'
LDFLAGS=''
LIBOBJS=''
LIBS=''
LTLIBOBJS=''
OBJEXT='o'
ORBIG_ENDIAN_MACHINE=''
ORLIBEXTSHARED='dylib'
PACKAGE_BUGREPORT=''
PACKAGE_NAME=''
PACKAGE_STRING=''
PACKAGE_TARNAME=''
PACKAGE_VERSION=''
PATH_SEPARATOR=':'
ROOTAUXCFLAGS='-D_REENTRANT -Wno-long-double'
ROOTAUXLIBS='-lpthread -lm -ldl'
ROOTCFLAGS='-I/sw/include/root'
ROOTCINT='/sw/bin/rootcint'
ROOTCONF='/sw/bin/root-config'
ROOTEXEC='/sw/bin/root'
ROOTGLIBS='-lCore -lCint -lHist -lGraf -lGraf3d -lGpad -lTree -lRint -lPostscript -lMatrix -lPhysics -lGui'
ROOTINCDIR='/sw/include/root'
ROOTLIBDIR='/sw/lib/root'
ROOTLIBS='-lCore -lCint -lHist -lGraf -lGraf3d -lGpad -lTree -lRint -lPostscript -lMatrix -lPhysics'
ROOTRPATH='/sw/lib/root'
SHELL='/bin/sh'
SOFLAGS='-dynamiclib'
ac_ct_CC='gcc'
bindir='${exec_prefix}/bin'
build='i686-apple-darwin8.8.5'
build_alias=''
build_cpu='i686'
build_os='darwin8.8.5'
build_vendor='apple'
datadir='${prefix}/share'
exec_prefix='${prefix}'
host='i686-apple-darwin8.8.5'
host_alias=''
host_cpu='i686'
host_os='darwin8.8.5'
host_vendor='apple'
includedir='${prefix}/include'
infodir='${prefix}/info'
libdir='${exec_prefix}/lib'
libexecdir='${exec_prefix}/libexec'
localstatedir='${prefix}/var'
mandir='${prefix}/man'
oldincludedir='/usr/include'
prefix='/usr/local'
program_transform_name='s,x,x,'
sbindir='${exec_prefix}/sbin'
sharedstatedir='${prefix}/com'
sysconfdir='${prefix}/etc'
target_alias=''

## ----------- ##
## confdefs.h. ##
## ----------- ##

#define PACKAGE_BUGREPORT ""
#define PACKAGE_NAME ""
#define PACKAGE_STRING ""
#define PACKAGE_TARNAME ""
#define PACKAGE_VERSION ""

configure: exit 0
